app/build/intermediates/manifest_merge_blame_file/debug/manifest-merger-blame-debug-report.txt
1<?xml version="1.0" encoding="utf-8"?>
2<manifest xmlns:android="http://schemas.android.com/apk/res/android"
3    package="com.dkc.applaunchh.weatherapp"
4    android:versionCode="1"
5    android:versionName="1.0" >
6
7    <uses-sdk
8        android:minSdkVersion="16"
8-->src/main/AndroidManifest.xml
9        android:targetSdkVersion="32" />
9-->src/main/AndroidManifest.xml
10
11    <uses-permission android:name="android.permission.INTERNET" />
11-->src/main/AndroidManifest.xml:5:5-67
11-->src/main/AndroidManifest.xml:5:22-64
12    <uses-permission android:name="android.permission.CAMERA" />
12-->src/main/AndroidManifest.xml:6:5-65
12-->src/main/AndroidManifest.xml:6:22-62
13    <uses-permission android:name="android.permission.READ_EXTERNAL_STORAGE" />
13-->src/main/AndroidManifest.xml:7:5-80
13-->src/main/AndroidManifest.xml:7:22-77
14    <uses-permission android:name="android.permission.WRITE_EXTERNAL_STORAGE" />
14-->src/main/AndroidManifest.xml:8:5-81
14-->src/main/AndroidManifest.xml:8:22-78
15
16    <!-- Permission will be merged into the manifest of the hosting app. -->
17    <!-- Is required to launch foreground extraction service for targetSdkVersion 28+. -->
18    <uses-permission android:name="android.permission.FOREGROUND_SERVICE" />
18-->[com.google.android.play:core:1.10.2] AndroidManifest.xml:13:5-77
18-->[com.google.android.play:core:1.10.2] AndroidManifest.xml:13:22-74
19
20    <application
20-->src/main/AndroidManifest.xml:10:5-28:19
21        android:name="com.dkc.applaunchh.weatherapp.WeatherApp"
21-->src/main/AndroidManifest.xml:12:9-35
22        android:allowBackup="true"
22-->src/main/AndroidManifest.xml:11:9-35
23        android:appComponentFactory="androidx.core.app.CoreComponentFactory"
23-->[androidx.core:core:1.7.0] AndroidManifest.xml:24:18-86
24        android:debuggable="true"
25        android:icon="@mipmap/ic_launcher"
25-->src/main/AndroidManifest.xml:13:9-43
26        android:label="@string/app_name"
26-->src/main/AndroidManifest.xml:14:9-41
27        android:roundIcon="@mipmap/ic_launcher_round"
27-->src/main/AndroidManifest.xml:15:9-54
28        android:supportsRtl="true"
28-->src/main/AndroidManifest.xml:16:9-35
29        android:testOnly="true"
30        android:theme="@style/Theme.WeatherApp" >
30-->src/main/AndroidManifest.xml:17:9-48
31        <activity
31-->src/main/AndroidManifest.xml:18:9-26:20
32            android:name="com.dkc.applaunchh.weatherapp.MainActivity"
32-->src/main/AndroidManifest.xml:19:13-41
33            android:exported="true" >
33-->src/main/AndroidManifest.xml:20:13-36
34            <intent-filter>
34-->src/main/AndroidManifest.xml:21:13-25:29
35                <action android:name="android.intent.action.MAIN" />
35-->src/main/AndroidManifest.xml:22:17-69
35-->src/main/AndroidManifest.xml:22:25-66
36
37                <category android:name="android.intent.category.LAUNCHER" />
37-->src/main/AndroidManifest.xml:24:17-77
37-->src/main/AndroidManifest.xml:24:27-74
38            </intent-filter>
39        </activity>
40
41        <uses-library
41-->[androidx.window:window:1.0.0] AndroidManifest.xml:25:9-27:40
42            android:name="androidx.window.extensions"
42-->[androidx.window:window:1.0.0] AndroidManifest.xml:26:13-54
43            android:required="false" />
43-->[androidx.window:window:1.0.0] AndroidManifest.xml:27:13-37
44        <uses-library
44-->[androidx.window:window:1.0.0] AndroidManifest.xml:28:9-30:40
45            android:name="androidx.window.sidecar"
45-->[androidx.window:window:1.0.0] AndroidManifest.xml:29:13-51
46            android:required="false" />
46-->[androidx.window:window:1.0.0] AndroidManifest.xml:30:13-37
47
48        <service
48-->[androidx.room:room-runtime:2.2.3] AndroidManifest.xml:25:9-27:40
49            android:name="androidx.room.MultiInstanceInvalidationService"
49-->[androidx.room:room-runtime:2.2.3] AndroidManifest.xml:26:13-74
50            android:exported="false" />
50-->[androidx.room:room-runtime:2.2.3] AndroidManifest.xml:27:13-37
51
52        <provider
52-->[androidx.emoji2:emoji2:1.0.0] AndroidManifest.xml:26:9-34:20
53            android:name="androidx.startup.InitializationProvider"
53-->[androidx.emoji2:emoji2:1.0.0] AndroidManifest.xml:27:13-67
54            android:authorities="com.dkc.applaunchh.weatherapp.androidx-startup"
54-->[androidx.emoji2:emoji2:1.0.0] AndroidManifest.xml:28:13-68
55            android:exported="false" >
55-->[androidx.emoji2:emoji2:1.0.0] AndroidManifest.xml:29:13-37
56            <meta-data
56-->[androidx.emoji2:emoji2:1.0.0] AndroidManifest.xml:31:13-33:52
57                android:name="androidx.emoji2.text.EmojiCompatInitializer"
57-->[androidx.emoji2:emoji2:1.0.0] AndroidManifest.xml:32:17-75
58                android:value="androidx.startup" />
58-->[androidx.emoji2:emoji2:1.0.0] AndroidManifest.xml:33:17-49
59            <meta-data
59-->[androidx.lifecycle:lifecycle-process:2.4.0] AndroidManifest.xml:31:13-33:52
60                android:name="androidx.lifecycle.ProcessLifecycleInitializer"
60-->[androidx.lifecycle:lifecycle-process:2.4.0] AndroidManifest.xml:32:17-78
61                android:value="androidx.startup" />
61-->[androidx.lifecycle:lifecycle-process:2.4.0] AndroidManifest.xml:33:17-49
62        </provider> <!-- The activities will be merged into the manifest of the hosting app. -->
63        <activity
63-->[com.google.android.play:core:1.10.2] AndroidManifest.xml:18:9-24:45
64            android:name="com.google.android.play.core.missingsplits.PlayCoreMissingSplitsActivity"
64-->[com.google.android.play:core:1.10.2] AndroidManifest.xml:19:13-100
65            android:enabled="false"
65-->[com.google.android.play:core:1.10.2] AndroidManifest.xml:20:13-36
66            android:exported="false"
66-->[com.google.android.play:core:1.10.2] AndroidManifest.xml:21:13-37
67            android:launchMode="singleInstance"
67-->[com.google.android.play:core:1.10.2] AndroidManifest.xml:22:13-48
68            android:process=":playcore_missing_splits_activity"
68-->[com.google.android.play:core:1.10.2] AndroidManifest.xml:23:13-64
69            android:stateNotNeeded="true" />
69-->[com.google.android.play:core:1.10.2] AndroidManifest.xml:24:13-42
70        <activity
70-->[com.google.android.play:core:1.10.2] AndroidManifest.xml:25:9-29:65
71            android:name="com.google.android.play.core.common.PlayCoreDialogWrapperActivity"
71-->[com.google.android.play:core:1.10.2] AndroidManifest.xml:26:13-93
72            android:exported="false"
72-->[com.google.android.play:core:1.10.2] AndroidManifest.xml:27:13-37
73            android:stateNotNeeded="true"
73-->[com.google.android.play:core:1.10.2] AndroidManifest.xml:28:13-42
74            android:theme="@style/Theme.PlayCore.Transparent" /> <!-- The services will be merged into the manifest of the hosting app. -->
74-->[com.google.android.play:core:1.10.2] AndroidManifest.xml:29:13-62
75        <service
75-->[com.google.android.play:core:1.10.2] AndroidManifest.xml:32:9-39:19
76            android:name="com.google.android.play.core.assetpacks.AssetPackExtractionService"
76-->[com.google.android.play:core:1.10.2] AndroidManifest.xml:33:13-94
77            android:enabled="false"
77-->[com.google.android.play:core:1.10.2] AndroidManifest.xml:34:13-36
78            android:exported="true" >
78-->[com.google.android.play:core:1.10.2] AndroidManifest.xml:35:13-36
79            <meta-data
79-->[com.google.android.play:core:1.10.2] AndroidManifest.xml:36:13-38:41
80                android:name="com.google.android.play.core.assetpacks.versionCode"
80-->[com.google.android.play:core:1.10.2] AndroidManifest.xml:37:17-83
81                android:value="11002" />
81-->[com.google.android.play:core:1.10.2] AndroidManifest.xml:38:17-38
82        </service>
83        <service
83-->[com.google.android.play:core:1.10.2] AndroidManifest.xml:40:9-43:40
84            android:name="com.google.android.play.core.assetpacks.ExtractionForegroundService"
84-->[com.google.android.play:core:1.10.2] AndroidManifest.xml:41:13-95
85            android:enabled="false"
85-->[com.google.android.play:core:1.10.2] AndroidManifest.xml:42:13-36
86            android:exported="false" />
86-->[com.google.android.play:core:1.10.2] AndroidManifest.xml:43:13-37
87    </application>
88
89</manifest>